----------------------------------------------------------------
Thu May 12 19:49:19 NZST 2022:
Booting Derby version The Apache Software----------------------------------------------------------------
Thu May 12 19:49:22 NZST 2022:
Booting Derby version The Apache Software Foundation - Apache Derby - 10.14.2.0 - (1828579): instance a816c00e-0180-b73e-4f8f-00004df69b23 
on database directory C:\Users\myles\OneDrive - AUT University\Year Two\Sem1\COMP603\PDC_Tutorials\PDC_Tutorials\BookStoreDB_Ebd with class loader jdk.internal.loader.ClassLoaders$AppClassLoader@73d16e93 
Loaded from file:/C:/Users/myles/OneDrive%20-%20AUT%20University/Year%20Two/Sem1/COMP603/PDC_Tutorials/db-derby-10.14.2.0-bin/lib/derby.jar
java.vendor=Oracle Corporation
java.runtime.version=17.0.2+8-LTS-86
user.dir=C:\Users\myles\OneDrive - AUT University\Year Two\Sem1\COMP603\PDC_Tutorials\db-derby-10.14.2.0-bin
os.name=Windows 10
os.arch=amd64
os.version=10.0
derby.system.home=C:\Users\myles\OneDrive - AUT University\Year Two\Sem1\COMP603\PDC_Tutorials\PDC_Tutorials
Database Class Loader started - derby.database.classpath=''
----------------------------------------------------------------
Thu May 12 19:51:46 NZST 2022: Shutting down Derby engine
----------------------------------------------------------------
Thu May 12 19:51:46 NZST 2022:
Shutting down instance a816c00e-0180-b73e-4f8f-00004df69b23 on database directory C:\Users\myles\OneDrive - AUT University\Year Two\Sem1\COMP603\PDC_Tutorials\PDC_Tutorials\BookStoreDB_Ebd with class loader jdk.internal.loader.ClassLoaders$AppClassLoader@73d16e93 
----------------------------------------------------------------
